[2025-12-29 20:11:26] laravel.EMERGENCY: Unable to create configured logger. Using emergency logger. {"exception":"[object] (ErrorException(code: 0): include(/home/pnlubukpakam/public_html/e-suka.pn-lubukpakam.go.id/esuka/vendor/composer/../laravel/framework/src/Illuminate/Contracts/Log/ContextLogProcessor.php): Failed to open stream: No such file or directory at /home/pnlubukpakam/public_html/e-suka.pn-lubukpakam.go.id/esuka/vendor/composer/ClassLoader.php:576)
[stacktrace]
#0 /home/pnlubukpakam/public_html/e-suka.pn-lubukpakam.go.id/esuka/vendor/laravel/framework/src/Illuminate/Foundation/Bootstrap/HandleExceptions.php(258): Illuminate\\Foundation\\Bootstrap\\HandleExceptions->handleError(2, 'include(/home/p...', '/home/pnlubukpa...', 576)
#1 /home/pnlubukpakam/public_html/e-suka.pn-lubukpakam.go.id/esuka/vendor/composer/ClassLoader.php(576): Illuminate\\Foundation\\Bootstrap\\HandleExceptions->Illuminate\\Foundation\\Bootstrap\\{closure}(2, 'include(/home/p...', '/home/pnlubukpa...', 576)
#2 /home/pnlubukpakam/public_html/e-suka.pn-lubukpakam.go.id/esuka/vendor/composer/ClassLoader.php(576): include('/home/pnlubukpa...')
#3 /home/pnlubukpakam/public_html/e-suka.pn-lubukpakam.go.id/esuka/vendor/composer/ClassLoader.php(427): Composer\\Autoload\\{closure}('/home/pnlubukpa...')
#4 /home/pnlubukpakam/public_html/e-suka.pn-lubukpakam.go.id/esuka/vendor/laravel/framework/src/Illuminate/Log/Context/ContextLogProcessor.php(10): Composer\\Autoload\\ClassLoader->loadClass('Illuminate\\\\Cont...')
#5 /home/pnlubukpakam/public_html/e-suka.pn-lubukpakam.go.id/esuka/vendor/composer/ClassLoader.php(576): include('/home/pnlubukpa...')
#6 /home/pnlubukpakam/public_html/e-suka.pn-lubukpakam.go.id/esuka/vendor/composer/ClassLoader.php(427): Composer\\Autoload\\{closure}('/home/pnlubukpa...')
#7 /home/pnlubukpakam/public_html/e-suka.pn-lubukpakam.go.id/esuka/vendor/laravel/framework/src/Illuminate/Log/Context/ContextServiceProvider.php(33): Composer\\Autoload\\ClassLoader->loadClass('Illuminate\\\\Log\\\\...')
#8 /home/pnlubukpakam/public_html/e-suka.pn-lubukpakam.go.id/esuka/vendor/laravel/framework/src/Illuminate/Container/Container.php(1115): Illuminate\\Log\\Context\\ContextServiceProvider->Illuminate\\Log\\Context\\{closure}(Object(Illuminate\\Foundation\\Application), Array)
#9 /home/pnlubukpakam/public_html/e-suka.pn-lubukpakam.go.id/esuka/vendor/laravel/framework/src/Illuminate/Container/Container.php(933): Illuminate\\Container\\Container->build(Object(Closure))
#10 /home/pnlubukpakam/public_html/e-suka.pn-lubukpakam.go.id/esuka/vendor/laravel/framework/src/Illuminate/Foundation/Application.php(1078): Illuminate\\Container\\Container->resolve('Illuminate\\\\Cont...', Array, true)
#11 /home/pnlubukpakam/public_html/e-suka.pn-lubukpakam.go.id/esuka/vendor/laravel/framework/src/Illuminate/Container/Container.php(864): Illuminate\\Foundation\\Application->resolve('Illuminate\\\\Cont...', Array)
#12 /home/pnlubukpakam/public_html/e-suka.pn-lubukpakam.go.id/esuka/vendor/laravel/framework/src/Illuminate/Foundation/Application.php(1058): Illuminate\\Container\\Container->make('Illuminate\\\\Cont...', Array)
#13 /home/pnlubukpakam/public_html/e-suka.pn-lubukpakam.go.id/esuka/vendor/laravel/framework/src/Illuminate/Log/LogManager.php(145): Illuminate\\Foundation\\Application->make('Illuminate\\\\Cont...')
#14 /home/pnlubukpakam/public_html/e-suka.pn-lubukpakam.go.id/esuka/vendor/laravel/framework/src/Illuminate/Support/helpers.php(523): Illuminate\\Log\\LogManager->Illuminate\\Log\\{closure}(Object(Monolog\\Logger))
#15 /home/pnlubukpakam/public_html/e-suka.pn-lubukpakam.go.id/esuka/vendor/laravel/framework/src/Illuminate/Log/LogManager.php(138): with(Object(Monolog\\Logger), Object(Closure))
#16 /home/pnlubukpakam/public_html/e-suka.pn-lubukpakam.go.id/esuka/vendor/laravel/framework/src/Illuminate/Log/LogManager.php(125): Illuminate\\Log\\LogManager->get('daily')
#17 /home/pnlubukpakam/public_html/e-suka.pn-lubukpakam.go.id/esuka/vendor/laravel/framework/src/Illuminate/Log/LogManager.php(114): Illuminate\\Log\\LogManager->driver('daily')
#18 /home/pnlubukpakam/public_html/e-suka.pn-lubukpakam.go.id/esuka/vendor/laravel/framework/src/Illuminate/Log/LogManager.php(278): Illuminate\\Log\\LogManager->channel('daily')
#19 [internal function]: Illuminate\\Log\\LogManager->Illuminate\\Log\\{closure}('daily', 0)
#20 /home/pnlubukpakam/public_html/e-suka.pn-lubukpakam.go.id/esuka/vendor/laravel/framework/src/Illuminate/Collections/Arr.php(788): array_map(Object(Closure), Array, Array)
#21 /home/pnlubukpakam/public_html/e-suka.pn-lubukpakam.go.id/esuka/vendor/laravel/framework/src/Illuminate/Collections/Collection.php(814): Illuminate\\Support\\Arr::map(Array, Object(Closure))
#22 /home/pnlubukpakam/public_html/e-suka.pn-lubukpakam.go.id/esuka/vendor/laravel/framework/src/Illuminate/Collections/Traits/EnumeratesValues.php(441): Illuminate\\Support\\Collection->map(Object(Closure))
#23 /home/pnlubukpakam/public_html/e-suka.pn-lubukpakam.go.id/esuka/vendor/laravel/framework/src/Illuminate/Log/LogManager.php(275): Illuminate\\Support\\Collection->flatMap(Object(Closure))
#24 /home/pnlubukpakam/public_html/e-suka.pn-lubukpakam.go.id/esuka/vendor/laravel/framework/src/Illuminate/Log/LogManager.php(232): Illuminate\\Log\\LogManager->createStackDriver(Array)
#25 /home/pnlubukpakam/public_html/e-suka.pn-lubukpakam.go.id/esuka/vendor/laravel/framework/src/Illuminate/Log/LogManager.php(138): Illuminate\\Log\\LogManager->resolve('stack', Array)
#26 /home/pnlubukpakam/public_html/e-suka.pn-lubukpakam.go.id/esuka/vendor/laravel/framework/src/Illuminate/Log/LogManager.php(125): Illuminate\\Log\\LogManager->get('stack')
#27 /home/pnlubukpakam/public_html/e-suka.pn-lubukpakam.go.id/esuka/vendor/laravel/framework/src/Illuminate/Log/LogManager.php(703): Illuminate\\Log\\LogManager->driver()
#28 /home/pnlubukpakam/public_html/e-suka.pn-lubukpakam.go.id/esuka/vendor/laravel/framework/src/Illuminate/Foundation/Exceptions/Handler.php(402): Illuminate\\Log\\LogManager->error('include(/home/p...', Array)
#29 /home/pnlubukpakam/public_html/e-suka.pn-lubukpakam.go.id/esuka/vendor/laravel/framework/src/Illuminate/Foundation/Exceptions/Handler.php(365): Illuminate\\Foundation\\Exceptions\\Handler->reportThrowable(Object(ErrorException))
#30 /home/pnlubukpakam/public_html/e-suka.pn-lubukpakam.go.id/esuka/vendor/laravel/framework/src/Illuminate/Foundation/Console/Kernel.php(641): Illuminate\\Foundation\\Exceptions\\Handler->report(Object(ErrorException))
#31 /home/pnlubukpakam/public_html/e-suka.pn-lubukpakam.go.id/esuka/vendor/laravel/framework/src/Illuminate/Foundation/Console/Kernel.php(200): Illuminate\\Foundation\\Console\\Kernel->reportException(Object(ErrorException))
#32 /home/pnlubukpakam/public_html/e-suka.pn-lubukpakam.go.id/esuka/vendor/laravel/framework/src/Illuminate/Foundation/Application.php(1235): Illuminate\\Foundation\\Console\\Kernel->handle(Object(Symfony\\Component\\Console\\Input\\ArgvInput), Object(Symfony\\Component\\Console\\Output\\ConsoleOutput))
#33 /home/pnlubukpakam/public_html/e-suka.pn-lubukpakam.go.id/esuka/artisan(16): Illuminate\\Foundation\\Application->handleCommand(Object(Symfony\\Component\\Console\\Input\\ArgvInput))
#34 {main}
"} 
[2025-12-29 20:11:26] laravel.EMERGENCY: Unable to create configured logger. Using emergency logger. {"exception":"[object] (ErrorException(code: 0): include(/home/pnlubukpakam/public_html/e-suka.pn-lubukpakam.go.id/esuka/vendor/composer/../laravel/framework/src/Illuminate/Contracts/Log/ContextLogProcessor.php): Failed to open stream: No such file or directory at /home/pnlubukpakam/public_html/e-suka.pn-lubukpakam.go.id/esuka/vendor/composer/ClassLoader.php:576)
[stacktrace]
#0 /home/pnlubukpakam/public_html/e-suka.pn-lubukpakam.go.id/esuka/vendor/laravel/framework/src/Illuminate/Foundation/Bootstrap/HandleExceptions.php(258): Illuminate\\Foundation\\Bootstrap\\HandleExceptions->handleError(2, 'include(/home/p...', '/home/pnlubukpa...', 576)
#1 /home/pnlubukpakam/public_html/e-suka.pn-lubukpakam.go.id/esuka/vendor/composer/ClassLoader.php(576): Illuminate\\Foundation\\Bootstrap\\HandleExceptions->Illuminate\\Foundation\\Bootstrap\\{closure}(2, 'include(/home/p...', '/home/pnlubukpa...', 576)
#2 /home/pnlubukpakam/public_html/e-suka.pn-lubukpakam.go.id/esuka/vendor/composer/ClassLoader.php(576): include('/home/pnlubukpa...')
#3 /home/pnlubukpakam/public_html/e-suka.pn-lubukpakam.go.id/esuka/vendor/composer/ClassLoader.php(427): Composer\\Autoload\\{closure}('/home/pnlubukpa...')
#4 /home/pnlubukpakam/public_html/e-suka.pn-lubukpakam.go.id/esuka/vendor/laravel/framework/src/Illuminate/Log/Context/ContextLogProcessor.php(10): Composer\\Autoload\\ClassLoader->loadClass('Illuminate\\\\Cont...')
#5 /home/pnlubukpakam/public_html/e-suka.pn-lubukpakam.go.id/esuka/vendor/composer/ClassLoader.php(576): include('/home/pnlubukpa...')
#6 /home/pnlubukpakam/public_html/e-suka.pn-lubukpakam.go.id/esuka/vendor/composer/ClassLoader.php(427): Composer\\Autoload\\{closure}('/home/pnlubukpa...')
#7 /home/pnlubukpakam/public_html/e-suka.pn-lubukpakam.go.id/esuka/vendor/laravel/framework/src/Illuminate/Log/Context/ContextServiceProvider.php(33): Composer\\Autoload\\ClassLoader->loadClass('Illuminate\\\\Log\\\\...')
#8 /home/pnlubukpakam/public_html/e-suka.pn-lubukpakam.go.id/esuka/vendor/laravel/framework/src/Illuminate/Container/Container.php(1115): Illuminate\\Log\\Context\\ContextServiceProvider->Illuminate\\Log\\Context\\{closure}(Object(Illuminate\\Foundation\\Application), Array)
#9 /home/pnlubukpakam/public_html/e-suka.pn-lubukpakam.go.id/esuka/vendor/laravel/framework/src/Illuminate/Container/Container.php(933): Illuminate\\Container\\Container->build(Object(Closure))
#10 /home/pnlubukpakam/public_html/e-suka.pn-lubukpakam.go.id/esuka/vendor/laravel/framework/src/Illuminate/Foundation/Application.php(1078): Illuminate\\Container\\Container->resolve('Illuminate\\\\Cont...', Array, true)
#11 /home/pnlubukpakam/public_html/e-suka.pn-lubukpakam.go.id/esuka/vendor/laravel/framework/src/Illuminate/Container/Container.php(864): Illuminate\\Foundation\\Application->resolve('Illuminate\\\\Cont...', Array)
#12 /home/pnlubukpakam/public_html/e-suka.pn-lubukpakam.go.id/esuka/vendor/laravel/framework/src/Illuminate/Foundation/Application.php(1058): Illuminate\\Container\\Container->make('Illuminate\\\\Cont...', Array)
#13 /home/pnlubukpakam/public_html/e-suka.pn-lubukpakam.go.id/esuka/vendor/laravel/framework/src/Illuminate/Log/LogManager.php(145): Illuminate\\Foundation\\Application->make('Illuminate\\\\Cont...')
#14 /home/pnlubukpakam/public_html/e-suka.pn-lubukpakam.go.id/esuka/vendor/laravel/framework/src/Illuminate/Support/helpers.php(523): Illuminate\\Log\\LogManager->Illuminate\\Log\\{closure}(Object(Monolog\\Logger))
#15 /home/pnlubukpakam/public_html/e-suka.pn-lubukpakam.go.id/esuka/vendor/laravel/framework/src/Illuminate/Log/LogManager.php(138): with(Object(Monolog\\Logger), Object(Closure))
#16 /home/pnlubukpakam/public_html/e-suka.pn-lubukpakam.go.id/esuka/vendor/laravel/framework/src/Illuminate/Log/LogManager.php(125): Illuminate\\Log\\LogManager->get('slack')
#17 /home/pnlubukpakam/public_html/e-suka.pn-lubukpakam.go.id/esuka/vendor/laravel/framework/src/Illuminate/Log/LogManager.php(114): Illuminate\\Log\\LogManager->driver('slack')
#18 /home/pnlubukpakam/public_html/e-suka.pn-lubukpakam.go.id/esuka/vendor/laravel/framework/src/Illuminate/Log/LogManager.php(278): Illuminate\\Log\\LogManager->channel('slack')
#19 [internal function]: Illuminate\\Log\\LogManager->Illuminate\\Log\\{closure}('slack', 1)
#20 /home/pnlubukpakam/public_html/e-suka.pn-lubukpakam.go.id/esuka/vendor/laravel/framework/src/Illuminate/Collections/Arr.php(788): array_map(Object(Closure), Array, Array)
#21 /home/pnlubukpakam/public_html/e-suka.pn-lubukpakam.go.id/esuka/vendor/laravel/framework/src/Illuminate/Collections/Collection.php(814): Illuminate\\Support\\Arr::map(Array, Object(Closure))
#22 /home/pnlubukpakam/public_html/e-suka.pn-lubukpakam.go.id/esuka/vendor/laravel/framework/src/Illuminate/Collections/Traits/EnumeratesValues.php(441): Illuminate\\Support\\Collection->map(Object(Closure))
#23 /home/pnlubukpakam/public_html/e-suka.pn-lubukpakam.go.id/esuka/vendor/laravel/framework/src/Illuminate/Log/LogManager.php(275): Illuminate\\Support\\Collection->flatMap(Object(Closure))
#24 /home/pnlubukpakam/public_html/e-suka.pn-lubukpakam.go.id/esuka/vendor/laravel/framework/src/Illuminate/Log/LogManager.php(232): Illuminate\\Log\\LogManager->createStackDriver(Array)
#25 /home/pnlubukpakam/public_html/e-suka.pn-lubukpakam.go.id/esuka/vendor/laravel/framework/src/Illuminate/Log/LogManager.php(138): Illuminate\\Log\\LogManager->resolve('stack', Array)
#26 /home/pnlubukpakam/public_html/e-suka.pn-lubukpakam.go.id/esuka/vendor/laravel/framework/src/Illuminate/Log/LogManager.php(125): Illuminate\\Log\\LogManager->get('stack')
#27 /home/pnlubukpakam/public_html/e-suka.pn-lubukpakam.go.id/esuka/vendor/laravel/framework/src/Illuminate/Log/LogManager.php(703): Illuminate\\Log\\LogManager->driver()
#28 /home/pnlubukpakam/public_html/e-suka.pn-lubukpakam.go.id/esuka/vendor/laravel/framework/src/Illuminate/Foundation/Exceptions/Handler.php(402): Illuminate\\Log\\LogManager->error('include(/home/p...', Array)
#29 /home/pnlubukpakam/public_html/e-suka.pn-lubukpakam.go.id/esuka/vendor/laravel/framework/src/Illuminate/Foundation/Exceptions/Handler.php(365): Illuminate\\Foundation\\Exceptions\\Handler->reportThrowable(Object(ErrorException))
#30 /home/pnlubukpakam/public_html/e-suka.pn-lubukpakam.go.id/esuka/vendor/laravel/framework/src/Illuminate/Foundation/Console/Kernel.php(641): Illuminate\\Foundation\\Exceptions\\Handler->report(Object(ErrorException))
#31 /home/pnlubukpakam/public_html/e-suka.pn-lubukpakam.go.id/esuka/vendor/laravel/framework/src/Illuminate/Foundation/Console/Kernel.php(200): Illuminate\\Foundation\\Console\\Kernel->reportException(Object(ErrorException))
#32 /home/pnlubukpakam/public_html/e-suka.pn-lubukpakam.go.id/esuka/vendor/laravel/framework/src/Illuminate/Foundation/Application.php(1235): Illuminate\\Foundation\\Console\\Kernel->handle(Object(Symfony\\Component\\Console\\Input\\ArgvInput), Object(Symfony\\Component\\Console\\Output\\ConsoleOutput))
#33 /home/pnlubukpakam/public_html/e-suka.pn-lubukpakam.go.id/esuka/artisan(16): Illuminate\\Foundation\\Application->handleCommand(Object(Symfony\\Component\\Console\\Input\\ArgvInput))
#34 {main}
"} 
[2025-12-29 20:11:26] laravel.EMERGENCY: Unable to create configured logger. Using emergency logger. {"exception":"[object] (ErrorException(code: 0): include(/home/pnlubukpakam/public_html/e-suka.pn-lubukpakam.go.id/esuka/vendor/composer/../laravel/framework/src/Illuminate/Contracts/Log/ContextLogProcessor.php): Failed to open stream: No such file or directory at /home/pnlubukpakam/public_html/e-suka.pn-lubukpakam.go.id/esuka/vendor/composer/ClassLoader.php:576)
[stacktrace]
#0 /home/pnlubukpakam/public_html/e-suka.pn-lubukpakam.go.id/esuka/vendor/laravel/framework/src/Illuminate/Foundation/Bootstrap/HandleExceptions.php(258): Illuminate\\Foundation\\Bootstrap\\HandleExceptions->handleError(2, 'include(/home/p...', '/home/pnlubukpa...', 576)
#1 /home/pnlubukpakam/public_html/e-suka.pn-lubukpakam.go.id/esuka/vendor/composer/ClassLoader.php(576): Illuminate\\Foundation\\Bootstrap\\HandleExceptions->Illuminate\\Foundation\\Bootstrap\\{closure}(2, 'include(/home/p...', '/home/pnlubukpa...', 576)
#2 /home/pnlubukpakam/public_html/e-suka.pn-lubukpakam.go.id/esuka/vendor/composer/ClassLoader.php(576): include('/home/pnlubukpa...')
#3 /home/pnlubukpakam/public_html/e-suka.pn-lubukpakam.go.id/esuka/vendor/composer/ClassLoader.php(427): Composer\\Autoload\\{closure}('/home/pnlubukpa...')
#4 /home/pnlubukpakam/public_html/e-suka.pn-lubukpakam.go.id/esuka/vendor/laravel/framework/src/Illuminate/Log/Context/ContextLogProcessor.php(10): Composer\\Autoload\\ClassLoader->loadClass('Illuminate\\\\Cont...')
#5 /home/pnlubukpakam/public_html/e-suka.pn-lubukpakam.go.id/esuka/vendor/composer/ClassLoader.php(576): include('/home/pnlubukpa...')
#6 /home/pnlubukpakam/public_html/e-suka.pn-lubukpakam.go.id/esuka/vendor/composer/ClassLoader.php(427): Composer\\Autoload\\{closure}('/home/pnlubukpa...')
#7 /home/pnlubukpakam/public_html/e-suka.pn-lubukpakam.go.id/esuka/vendor/laravel/framework/src/Illuminate/Log/Context/ContextServiceProvider.php(33): Composer\\Autoload\\ClassLoader->loadClass('Illuminate\\\\Log\\\\...')
#8 /home/pnlubukpakam/public_html/e-suka.pn-lubukpakam.go.id/esuka/vendor/laravel/framework/src/Illuminate/Container/Container.php(1115): Illuminate\\Log\\Context\\ContextServiceProvider->Illuminate\\Log\\Context\\{closure}(Object(Illuminate\\Foundation\\Application), Array)
#9 /home/pnlubukpakam/public_html/e-suka.pn-lubukpakam.go.id/esuka/vendor/laravel/framework/src/Illuminate/Container/Container.php(933): Illuminate\\Container\\Container->build(Object(Closure))
#10 /home/pnlubukpakam/public_html/e-suka.pn-lubukpakam.go.id/esuka/vendor/laravel/framework/src/Illuminate/Foundation/Application.php(1078): Illuminate\\Container\\Container->resolve('Illuminate\\\\Cont...', Array, true)
#11 /home/pnlubukpakam/public_html/e-suka.pn-lubukpakam.go.id/esuka/vendor/laravel/framework/src/Illuminate/Container/Container.php(864): Illuminate\\Foundation\\Application->resolve('Illuminate\\\\Cont...', Array)
#12 /home/pnlubukpakam/public_html/e-suka.pn-lubukpakam.go.id/esuka/vendor/laravel/framework/src/Illuminate/Foundation/Application.php(1058): Illuminate\\Container\\Container->make('Illuminate\\\\Cont...', Array)
#13 /home/pnlubukpakam/public_html/e-suka.pn-lubukpakam.go.id/esuka/vendor/laravel/framework/src/Illuminate/Log/LogManager.php(145): Illuminate\\Foundation\\Application->make('Illuminate\\\\Cont...')
#14 /home/pnlubukpakam/public_html/e-suka.pn-lubukpakam.go.id/esuka/vendor/laravel/framework/src/Illuminate/Support/helpers.php(523): Illuminate\\Log\\LogManager->Illuminate\\Log\\{closure}(Object(Monolog\\Logger))
#15 /home/pnlubukpakam/public_html/e-suka.pn-lubukpakam.go.id/esuka/vendor/laravel/framework/src/Illuminate/Log/LogManager.php(138): with(Object(Monolog\\Logger), Object(Closure))
#16 /home/pnlubukpakam/public_html/e-suka.pn-lubukpakam.go.id/esuka/vendor/laravel/framework/src/Illuminate/Log/LogManager.php(125): Illuminate\\Log\\LogManager->get('daily')
#17 /home/pnlubukpakam/public_html/e-suka.pn-lubukpakam.go.id/esuka/vendor/laravel/framework/src/Illuminate/Log/LogManager.php(114): Illuminate\\Log\\LogManager->driver('daily')
#18 /home/pnlubukpakam/public_html/e-suka.pn-lubukpakam.go.id/esuka/vendor/laravel/framework/src/Illuminate/Log/LogManager.php(286): Illuminate\\Log\\LogManager->channel('daily')
#19 [internal function]: Illuminate\\Log\\LogManager->Illuminate\\Log\\{closure}('daily', 0)
#20 /home/pnlubukpakam/public_html/e-suka.pn-lubukpakam.go.id/esuka/vendor/laravel/framework/src/Illuminate/Collections/Arr.php(788): array_map(Object(Closure), Array, Array)
#21 /home/pnlubukpakam/public_html/e-suka.pn-lubukpakam.go.id/esuka/vendor/laravel/framework/src/Illuminate/Collections/Collection.php(814): Illuminate\\Support\\Arr::map(Array, Object(Closure))
#22 /home/pnlubukpakam/public_html/e-suka.pn-lubukpakam.go.id/esuka/vendor/laravel/framework/src/Illuminate/Collections/Traits/EnumeratesValues.php(441): Illuminate\\Support\\Collection->map(Object(Closure))
#23 /home/pnlubukpakam/public_html/e-suka.pn-lubukpakam.go.id/esuka/vendor/laravel/framework/src/Illuminate/Log/LogManager.php(283): Illuminate\\Support\\Collection->flatMap(Object(Closure))
#24 /home/pnlubukpakam/public_html/e-suka.pn-lubukpakam.go.id/esuka/vendor/laravel/framework/src/Illuminate/Log/LogManager.php(232): Illuminate\\Log\\LogManager->createStackDriver(Array)
#25 /home/pnlubukpakam/public_html/e-suka.pn-lubukpakam.go.id/esuka/vendor/laravel/framework/src/Illuminate/Log/LogManager.php(138): Illuminate\\Log\\LogManager->resolve('stack', Array)
#26 /home/pnlubukpakam/public_html/e-suka.pn-lubukpakam.go.id/esuka/vendor/laravel/framework/src/Illuminate/Log/LogManager.php(125): Illuminate\\Log\\LogManager->get('stack')
#27 /home/pnlubukpakam/public_html/e-suka.pn-lubukpakam.go.id/esuka/vendor/laravel/framework/src/Illuminate/Log/LogManager.php(703): Illuminate\\Log\\LogManager->driver()
#28 /home/pnlubukpakam/public_html/e-suka.pn-lubukpakam.go.id/esuka/vendor/laravel/framework/src/Illuminate/Foundation/Exceptions/Handler.php(402): Illuminate\\Log\\LogManager->error('include(/home/p...', Array)
#29 /home/pnlubukpakam/public_html/e-suka.pn-lubukpakam.go.id/esuka/vendor/laravel/framework/src/Illuminate/Foundation/Exceptions/Handler.php(365): Illuminate\\Foundation\\Exceptions\\Handler->reportThrowable(Object(ErrorException))
#30 /home/pnlubukpakam/public_html/e-suka.pn-lubukpakam.go.id/esuka/vendor/laravel/framework/src/Illuminate/Foundation/Console/Kernel.php(641): Illuminate\\Foundation\\Exceptions\\Handler->report(Object(ErrorException))
#31 /home/pnlubukpakam/public_html/e-suka.pn-lubukpakam.go.id/esuka/vendor/laravel/framework/src/Illuminate/Foundation/Console/Kernel.php(200): Illuminate\\Foundation\\Console\\Kernel->reportException(Object(ErrorException))
#32 /home/pnlubukpakam/public_html/e-suka.pn-lubukpakam.go.id/esuka/vendor/laravel/framework/src/Illuminate/Foundation/Application.php(1235): Illuminate\\Foundation\\Console\\Kernel->handle(Object(Symfony\\Component\\Console\\Input\\ArgvInput), Object(Symfony\\Component\\Console\\Output\\ConsoleOutput))
#33 /home/pnlubukpakam/public_html/e-suka.pn-lubukpakam.go.id/esuka/artisan(16): Illuminate\\Foundation\\Application->handleCommand(Object(Symfony\\Component\\Console\\Input\\ArgvInput))
#34 {main}
"} 
[2025-12-29 20:11:26] laravel.EMERGENCY: Unable to create configured logger. Using emergency logger. {"exception":"[object] (ErrorException(code: 0): include(/home/pnlubukpakam/public_html/e-suka.pn-lubukpakam.go.id/esuka/vendor/composer/../laravel/framework/src/Illuminate/Contracts/Log/ContextLogProcessor.php): Failed to open stream: No such file or directory at /home/pnlubukpakam/public_html/e-suka.pn-lubukpakam.go.id/esuka/vendor/composer/ClassLoader.php:576)
[stacktrace]
#0 /home/pnlubukpakam/public_html/e-suka.pn-lubukpakam.go.id/esuka/vendor/laravel/framework/src/Illuminate/Foundation/Bootstrap/HandleExceptions.php(258): Illuminate\\Foundation\\Bootstrap\\HandleExceptions->handleError(2, 'include(/home/p...', '/home/pnlubukpa...', 576)
#1 /home/pnlubukpakam/public_html/e-suka.pn-lubukpakam.go.id/esuka/vendor/composer/ClassLoader.php(576): Illuminate\\Foundation\\Bootstrap\\HandleExceptions->Illuminate\\Foundation\\Bootstrap\\{closure}(2, 'include(/home/p...', '/home/pnlubukpa...', 576)
#2 /home/pnlubukpakam/public_html/e-suka.pn-lubukpakam.go.id/esuka/vendor/composer/ClassLoader.php(576): include('/home/pnlubukpa...')
#3 /home/pnlubukpakam/public_html/e-suka.pn-lubukpakam.go.id/esuka/vendor/composer/ClassLoader.php(427): Composer\\Autoload\\{closure}('/home/pnlubukpa...')
#4 /home/pnlubukpakam/public_html/e-suka.pn-lubukpakam.go.id/esuka/vendor/laravel/framework/src/Illuminate/Log/Context/ContextLogProcessor.php(10): Composer\\Autoload\\ClassLoader->loadClass('Illuminate\\\\Cont...')
#5 /home/pnlubukpakam/public_html/e-suka.pn-lubukpakam.go.id/esuka/vendor/composer/ClassLoader.php(576): include('/home/pnlubukpa...')
#6 /home/pnlubukpakam/public_html/e-suka.pn-lubukpakam.go.id/esuka/vendor/composer/ClassLoader.php(427): Composer\\Autoload\\{closure}('/home/pnlubukpa...')
#7 /home/pnlubukpakam/public_html/e-suka.pn-lubukpakam.go.id/esuka/vendor/laravel/framework/src/Illuminate/Log/Context/ContextServiceProvider.php(33): Composer\\Autoload\\ClassLoader->loadClass('Illuminate\\\\Log\\\\...')
#8 /home/pnlubukpakam/public_html/e-suka.pn-lubukpakam.go.id/esuka/vendor/laravel/framework/src/Illuminate/Container/Container.php(1115): Illuminate\\Log\\Context\\ContextServiceProvider->Illuminate\\Log\\Context\\{closure}(Object(Illuminate\\Foundation\\Application), Array)
#9 /home/pnlubukpakam/public_html/e-suka.pn-lubukpakam.go.id/esuka/vendor/laravel/framework/src/Illuminate/Container/Container.php(933): Illuminate\\Container\\Container->build(Object(Closure))
#10 /home/pnlubukpakam/public_html/e-suka.pn-lubukpakam.go.id/esuka/vendor/laravel/framework/src/Illuminate/Foundation/Application.php(1078): Illuminate\\Container\\Container->resolve('Illuminate\\\\Cont...', Array, true)
#11 /home/pnlubukpakam/public_html/e-suka.pn-lubukpakam.go.id/esuka/vendor/laravel/framework/src/Illuminate/Container/Container.php(864): Illuminate\\Foundation\\Application->resolve('Illuminate\\\\Cont...', Array)
#12 /home/pnlubukpakam/public_html/e-suka.pn-lubukpakam.go.id/esuka/vendor/laravel/framework/src/Illuminate/Foundation/Application.php(1058): Illuminate\\Container\\Container->make('Illuminate\\\\Cont...', Array)
#13 /home/pnlubukpakam/public_html/e-suka.pn-lubukpakam.go.id/esuka/vendor/laravel/framework/src/Illuminate/Log/LogManager.php(145): Illuminate\\Foundation\\Application->make('Illuminate\\\\Cont...')
#14 /home/pnlubukpakam/public_html/e-suka.pn-lubukpakam.go.id/esuka/vendor/laravel/framework/src/Illuminate/Support/helpers.php(523): Illuminate\\Log\\LogManager->Illuminate\\Log\\{closure}(Object(Monolog\\Logger))
#15 /home/pnlubukpakam/public_html/e-suka.pn-lubukpakam.go.id/esuka/vendor/laravel/framework/src/Illuminate/Log/LogManager.php(138): with(Object(Monolog\\Logger), Object(Closure))
#16 /home/pnlubukpakam/public_html/e-suka.pn-lubukpakam.go.id/esuka/vendor/laravel/framework/src/Illuminate/Log/LogManager.php(125): Illuminate\\Log\\LogManager->get('slack')
#17 /home/pnlubukpakam/public_html/e-suka.pn-lubukpakam.go.id/esuka/vendor/laravel/framework/src/Illuminate/Log/LogManager.php(114): Illuminate\\Log\\LogManager->driver('slack')
#18 /home/pnlubukpakam/public_html/e-suka.pn-lubukpakam.go.id/esuka/vendor/laravel/framework/src/Illuminate/Log/LogManager.php(286): Illuminate\\Log\\LogManager->channel('slack')
#19 [internal function]: Illuminate\\Log\\LogManager->Illuminate\\Log\\{closure}('slack', 1)
#20 /home/pnlubukpakam/public_html/e-suka.pn-lubukpakam.go.id/esuka/vendor/laravel/framework/src/Illuminate/Collections/Arr.php(788): array_map(Object(Closure), Array, Array)
#21 /home/pnlubukpakam/public_html/e-suka.pn-lubukpakam.go.id/esuka/vendor/laravel/framework/src/Illuminate/Collections/Collection.php(814): Illuminate\\Support\\Arr::map(Array, Object(Closure))
#22 /home/pnlubukpakam/public_html/e-suka.pn-lubukpakam.go.id/esuka/vendor/laravel/framework/src/Illuminate/Collections/Traits/EnumeratesValues.php(441): Illuminate\\Support\\Collection->map(Object(Closure))
#23 /home/pnlubukpakam/public_html/e-suka.pn-lubukpakam.go.id/esuka/vendor/laravel/framework/src/Illuminate/Log/LogManager.php(283): Illuminate\\Support\\Collection->flatMap(Object(Closure))
#24 /home/pnlubukpakam/public_html/e-suka.pn-lubukpakam.go.id/esuka/vendor/laravel/framework/src/Illuminate/Log/LogManager.php(232): Illuminate\\Log\\LogManager->createStackDriver(Array)
#25 /home/pnlubukpakam/public_html/e-suka.pn-lubukpakam.go.id/esuka/vendor/laravel/framework/src/Illuminate/Log/LogManager.php(138): Illuminate\\Log\\LogManager->resolve('stack', Array)
#26 /home/pnlubukpakam/public_html/e-suka.pn-lubukpakam.go.id/esuka/vendor/laravel/framework/src/Illuminate/Log/LogManager.php(125): Illuminate\\Log\\LogManager->get('stack')
#27 /home/pnlubukpakam/public_html/e-suka.pn-lubukpakam.go.id/esuka/vendor/laravel/framework/src/Illuminate/Log/LogManager.php(703): Illuminate\\Log\\LogManager->driver()
#28 /home/pnlubukpakam/public_html/e-suka.pn-lubukpakam.go.id/esuka/vendor/laravel/framework/src/Illuminate/Foundation/Exceptions/Handler.php(402): Illuminate\\Log\\LogManager->error('include(/home/p...', Array)
#29 /home/pnlubukpakam/public_html/e-suka.pn-lubukpakam.go.id/esuka/vendor/laravel/framework/src/Illuminate/Foundation/Exceptions/Handler.php(365): Illuminate\\Foundation\\Exceptions\\Handler->reportThrowable(Object(ErrorException))
#30 /home/pnlubukpakam/public_html/e-suka.pn-lubukpakam.go.id/esuka/vendor/laravel/framework/src/Illuminate/Foundation/Console/Kernel.php(641): Illuminate\\Foundation\\Exceptions\\Handler->report(Object(ErrorException))
#31 /home/pnlubukpakam/public_html/e-suka.pn-lubukpakam.go.id/esuka/vendor/laravel/framework/src/Illuminate/Foundation/Console/Kernel.php(200): Illuminate\\Foundation\\Console\\Kernel->reportException(Object(ErrorException))
#32 /home/pnlubukpakam/public_html/e-suka.pn-lubukpakam.go.id/esuka/vendor/laravel/framework/src/Illuminate/Foundation/Application.php(1235): Illuminate\\Foundation\\Console\\Kernel->handle(Object(Symfony\\Component\\Console\\Input\\ArgvInput), Object(Symfony\\Component\\Console\\Output\\ConsoleOutput))
#33 /home/pnlubukpakam/public_html/e-suka.pn-lubukpakam.go.id/esuka/artisan(16): Illuminate\\Foundation\\Application->handleCommand(Object(Symfony\\Component\\Console\\Input\\ArgvInput))
#34 {main}
"} 
[2025-12-29 20:11:26] laravel.EMERGENCY: Unable to create configured logger. Using emergency logger. {"exception":"[object] (ErrorException(code: 0): include(/home/pnlubukpakam/public_html/e-suka.pn-lubukpakam.go.id/esuka/vendor/composer/../laravel/framework/src/Illuminate/Contracts/Log/ContextLogProcessor.php): Failed to open stream: No such file or directory at /home/pnlubukpakam/public_html/e-suka.pn-lubukpakam.go.id/esuka/vendor/composer/ClassLoader.php:576)
[stacktrace]
#0 /home/pnlubukpakam/public_html/e-suka.pn-lubukpakam.go.id/esuka/vendor/laravel/framework/src/Illuminate/Foundation/Bootstrap/HandleExceptions.php(258): Illuminate\\Foundation\\Bootstrap\\HandleExceptions->handleError(2, 'include(/home/p...', '/home/pnlubukpa...', 576)
#1 /home/pnlubukpakam/public_html/e-suka.pn-lubukpakam.go.id/esuka/vendor/composer/ClassLoader.php(576): Illuminate\\Foundation\\Bootstrap\\HandleExceptions->Illuminate\\Foundation\\Bootstrap\\{closure}(2, 'include(/home/p...', '/home/pnlubukpa...', 576)
#2 /home/pnlubukpakam/public_html/e-suka.pn-lubukpakam.go.id/esuka/vendor/composer/ClassLoader.php(576): include('/home/pnlubukpa...')
#3 /home/pnlubukpakam/public_html/e-suka.pn-lubukpakam.go.id/esuka/vendor/composer/ClassLoader.php(427): Composer\\Autoload\\{closure}('/home/pnlubukpa...')
#4 /home/pnlubukpakam/public_html/e-suka.pn-lubukpakam.go.id/esuka/vendor/laravel/framework/src/Illuminate/Log/Context/ContextLogProcessor.php(10): Composer\\Autoload\\ClassLoader->loadClass('Illuminate\\\\Cont...')
#5 /home/pnlubukpakam/public_html/e-suka.pn-lubukpakam.go.id/esuka/vendor/composer/ClassLoader.php(576): include('/home/pnlubukpa...')
#6 /home/pnlubukpakam/public_html/e-suka.pn-lubukpakam.go.id/esuka/vendor/composer/ClassLoader.php(427): Composer\\Autoload\\{closure}('/home/pnlubukpa...')
#7 /home/pnlubukpakam/public_html/e-suka.pn-lubukpakam.go.id/esuka/vendor/laravel/framework/src/Illuminate/Log/Context/ContextServiceProvider.php(33): Composer\\Autoload\\ClassLoader->loadClass('Illuminate\\\\Log\\\\...')
#8 /home/pnlubukpakam/public_html/e-suka.pn-lubukpakam.go.id/esuka/vendor/laravel/framework/src/Illuminate/Container/Container.php(1115): Illuminate\\Log\\Context\\ContextServiceProvider->Illuminate\\Log\\Context\\{closure}(Object(Illuminate\\Foundation\\Application), Array)
#9 /home/pnlubukpakam/public_html/e-suka.pn-lubukpakam.go.id/esuka/vendor/laravel/framework/src/Illuminate/Container/Container.php(933): Illuminate\\Container\\Container->build(Object(Closure))
#10 /home/pnlubukpakam/public_html/e-suka.pn-lubukpakam.go.id/esuka/vendor/laravel/framework/src/Illuminate/Foundation/Application.php(1078): Illuminate\\Container\\Container->resolve('Illuminate\\\\Cont...', Array, true)
#11 /home/pnlubukpakam/public_html/e-suka.pn-lubukpakam.go.id/esuka/vendor/laravel/framework/src/Illuminate/Container/Container.php(864): Illuminate\\Foundation\\Application->resolve('Illuminate\\\\Cont...', Array)
#12 /home/pnlubukpakam/public_html/e-suka.pn-lubukpakam.go.id/esuka/vendor/laravel/framework/src/Illuminate/Foundation/Application.php(1058): Illuminate\\Container\\Container->make('Illuminate\\\\Cont...', Array)
#13 /home/pnlubukpakam/public_html/e-suka.pn-lubukpakam.go.id/esuka/vendor/laravel/framework/src/Illuminate/Log/LogManager.php(145): Illuminate\\Foundation\\Application->make('Illuminate\\\\Cont...')
#14 /home/pnlubukpakam/public_html/e-suka.pn-lubukpakam.go.id/esuka/vendor/laravel/framework/src/Illuminate/Support/helpers.php(523): Illuminate\\Log\\LogManager->Illuminate\\Log\\{closure}(Object(Monolog\\Logger))
#15 /home/pnlubukpakam/public_html/e-suka.pn-lubukpakam.go.id/esuka/vendor/laravel/framework/src/Illuminate/Log/LogManager.php(138): with(Object(Monolog\\Logger), Object(Closure))
#16 /home/pnlubukpakam/public_html/e-suka.pn-lubukpakam.go.id/esuka/vendor/laravel/framework/src/Illuminate/Log/LogManager.php(125): Illuminate\\Log\\LogManager->get('stack')
#17 /home/pnlubukpakam/public_html/e-suka.pn-lubukpakam.go.id/esuka/vendor/laravel/framework/src/Illuminate/Log/LogManager.php(703): Illuminate\\Log\\LogManager->driver()
#18 /home/pnlubukpakam/public_html/e-suka.pn-lubukpakam.go.id/esuka/vendor/laravel/framework/src/Illuminate/Foundation/Exceptions/Handler.php(402): Illuminate\\Log\\LogManager->error('include(/home/p...', Array)
#19 /home/pnlubukpakam/public_html/e-suka.pn-lubukpakam.go.id/esuka/vendor/laravel/framework/src/Illuminate/Foundation/Exceptions/Handler.php(365): Illuminate\\Foundation\\Exceptions\\Handler->reportThrowable(Object(ErrorException))
#20 /home/pnlubukpakam/public_html/e-suka.pn-lubukpakam.go.id/esuka/vendor/laravel/framework/src/Illuminate/Foundation/Console/Kernel.php(641): Illuminate\\Foundation\\Exceptions\\Handler->report(Object(ErrorException))
#21 /home/pnlubukpakam/public_html/e-suka.pn-lubukpakam.go.id/esuka/vendor/laravel/framework/src/Illuminate/Foundation/Console/Kernel.php(200): Illuminate\\Foundation\\Console\\Kernel->reportException(Object(ErrorException))
#22 /home/pnlubukpakam/public_html/e-suka.pn-lubukpakam.go.id/esuka/vendor/laravel/framework/src/Illuminate/Foundation/Application.php(1235): Illuminate\\Foundation\\Console\\Kernel->handle(Object(Symfony\\Component\\Console\\Input\\ArgvInput), Object(Symfony\\Component\\Console\\Output\\ConsoleOutput))
#23 /home/pnlubukpakam/public_html/e-suka.pn-lubukpakam.go.id/esuka/artisan(16): Illuminate\\Foundation\\Application->handleCommand(Object(Symfony\\Component\\Console\\Input\\ArgvInput))
#24 {main}
"} 
[2025-12-29 20:11:26] laravel.ERROR: include(/home/pnlubukpakam/public_html/e-suka.pn-lubukpakam.go.id/esuka/vendor/composer/../laravel/framework/src/Illuminate/Console/Events/CommandFinished.php): Failed to open stream: No such file or directory {"exception":"[object] (ErrorException(code: 0): include(/home/pnlubukpakam/public_html/e-suka.pn-lubukpakam.go.id/esuka/vendor/composer/../laravel/framework/src/Illuminate/Console/Events/CommandFinished.php): Failed to open stream: No such file or directory at /home/pnlubukpakam/public_html/e-suka.pn-lubukpakam.go.id/esuka/vendor/composer/ClassLoader.php:576)
[stacktrace]
#0 /home/pnlubukpakam/public_html/e-suka.pn-lubukpakam.go.id/esuka/vendor/laravel/framework/src/Illuminate/Foundation/Bootstrap/HandleExceptions.php(258): Illuminate\\Foundation\\Bootstrap\\HandleExceptions->handleError(2, 'include(/home/p...', '/home/pnlubukpa...', 576)
#1 /home/pnlubukpakam/public_html/e-suka.pn-lubukpakam.go.id/esuka/vendor/composer/ClassLoader.php(576): Illuminate\\Foundation\\Bootstrap\\HandleExceptions->Illuminate\\Foundation\\Bootstrap\\{closure}(2, 'include(/home/p...', '/home/pnlubukpa...', 576)
#2 /home/pnlubukpakam/public_html/e-suka.pn-lubukpakam.go.id/esuka/vendor/composer/ClassLoader.php(576): include('/home/pnlubukpa...')
#3 /home/pnlubukpakam/public_html/e-suka.pn-lubukpakam.go.id/esuka/vendor/composer/ClassLoader.php(427): Composer\\Autoload\\{closure}('/home/pnlubukpa...')
#4 /home/pnlubukpakam/public_html/e-suka.pn-lubukpakam.go.id/esuka/vendor/laravel/framework/src/Illuminate/Foundation/Console/Kernel.php(172): Composer\\Autoload\\ClassLoader->loadClass('Illuminate\\\\Cons...')
#5 /home/pnlubukpakam/public_html/e-suka.pn-lubukpakam.go.id/esuka/vendor/symfony/event-dispatcher/EventDispatcher.php(206): Illuminate\\Foundation\\Console\\Kernel->Illuminate\\Foundation\\Console\\{closure}(Object(Symfony\\Component\\Console\\Event\\ConsoleTerminateEvent), 'console.termina...', Object(Symfony\\Component\\EventDispatcher\\EventDispatcher))
#6 /home/pnlubukpakam/public_html/e-suka.pn-lubukpakam.go.id/esuka/vendor/symfony/event-dispatcher/EventDispatcher.php(56): Symfony\\Component\\EventDispatcher\\EventDispatcher->callListeners(Array, 'console.termina...', Object(Symfony\\Component\\Console\\Event\\ConsoleTerminateEvent))
#7 /home/pnlubukpakam/public_html/e-suka.pn-lubukpakam.go.id/esuka/vendor/symfony/console/Application.php(1121): Symfony\\Component\\EventDispatcher\\EventDispatcher->dispatch(Object(Symfony\\Component\\Console\\Event\\ConsoleTerminateEvent), 'console.termina...')
#8 /home/pnlubukpakam/public_html/e-suka.pn-lubukpakam.go.id/esuka/vendor/symfony/console/Application.php(356): Symfony\\Component\\Console\\Application->doRunCommand(Object(Illuminate\\Queue\\Console\\WorkCommand), Object(Symfony\\Component\\Console\\Input\\ArgvInput), Object(Symfony\\Component\\Console\\Output\\ConsoleOutput))
#9 /home/pnlubukpakam/public_html/e-suka.pn-lubukpakam.go.id/esuka/vendor/symfony/console/Application.php(195): Symfony\\Component\\Console\\Application->doRun(Object(Symfony\\Component\\Console\\Input\\ArgvInput), Object(Symfony\\Component\\Console\\Output\\ConsoleOutput))
#10 /home/pnlubukpakam/public_html/e-suka.pn-lubukpakam.go.id/esuka/vendor/laravel/framework/src/Illuminate/Foundation/Console/Kernel.php(198): Symfony\\Component\\Console\\Application->run(Object(Symfony\\Component\\Console\\Input\\ArgvInput), Object(Symfony\\Component\\Console\\Output\\ConsoleOutput))
#11 /home/pnlubukpakam/public_html/e-suka.pn-lubukpakam.go.id/esuka/vendor/laravel/framework/src/Illuminate/Foundation/Application.php(1235): Illuminate\\Foundation\\Console\\Kernel->handle(Object(Symfony\\Component\\Console\\Input\\ArgvInput), Object(Symfony\\Component\\Console\\Output\\ConsoleOutput))
#12 /home/pnlubukpakam/public_html/e-suka.pn-lubukpakam.go.id/esuka/artisan(16): Illuminate\\Foundation\\Application->handleCommand(Object(Symfony\\Component\\Console\\Input\\ArgvInput))
#13 {main}
"} 
